<?xml version="1.0" encoding="UTF-8"?>
<!-- Generated by org.testng.reporters.JUnitReportReporter -->
<testsuite hostname="shivalis-MacBook-Air.local" failures="0" tests="3" name="testcase.FirstTCLogin" time="158.219" errors="0" timestamp="2023-11-23T10:32:47 IST" skipped="0">
  <testcase classname="testcase.FirstTCLogin" name="loginTest" time="95.154"/>
  <testcase classname="testcase.FirstTCLogin" name="loginTest" time="31.293"/>
  <testcase classname="testcase.FirstTCLogin" name="loginTest" time="31.772"/>
</testsuite> <!-- testcase.FirstTCLogin -->
